
> s@0.1.0 dev
> next dev

▲ Next.js 16.1.6 (Turbopack)
- Local:         http://localhost:3000
- Network:       http://172.16.92.69:3000

✓ Starting...
✓ Ready in 3s
 HEAD / 200 in 820ms (compile: 700ms, render: 119ms)
 GET / 200 in 99ms (compile: 47ms, render: 52ms)
 GET / 200 in 98ms (compile: 39ms, render: 59ms)
 GET / 200 in 165ms (compile: 67ms, render: 98ms)
 GET / 200 in 129ms (compile: 40ms, render: 89ms)
✓ Compiled in 320ms
 GET / 200 in 526ms (compile: 392ms, render: 133ms)
 GET / 200 in 24ms (compile: 2ms, render: 22ms)
 GET / 200 in 47ms (compile: 6ms, render: 40ms)
✓ Compiled in 166ms
 GET / 200 in 304ms (compile: 208ms, render: 96ms)
✓ Compiled in 149ms
✓ Compiled in 31ms
 GET / 200 in 185ms (compile: 89ms, render: 96ms)
 GET / 200 in 79ms (compile: 10ms, render: 69ms)
✓ Compiled in 155ms
✓ Compiled in 20ms
 GET / 200 in 520ms (compile: 375ms, render: 145ms)
 GET / 200 in 59ms (compile: 13ms, render: 47ms)
✓ Compiled in 121ms
✓ Compiled in 240ms
⨯ ./src/app/page.tsx:642:21
Parsing ecmascript source code failed
[0m [90m 640 |[39m
 [90m 641 |[39m [36mconst[39m letters [33m=[39m [[32m"R"[39m[33m,[39m [32m"S"[39m[33m,[39m [32m"A"[39m[33m,[39m [32m"K"[39m[33m,[39m [32m"H"[39m[33m,[39m [32m"V"[39m][33m;[39m
[31m[1m>[22m[39m[90m 642 |[39m [36mconst[39m bootCommand [33m=[39m [32m"load Ruslan Sakhanov Portfolio \n          へ   ♡   ╱|、[39m
 [90m     |[39m                     [31m[1m^[22m[39m[31m[1m^[22m[39m[31m[1m^[22m[39m[31m[1m^[22m[39m[31m[1m^[22m[39m[31m[1m^[22m[39m[31m[1m^[22m[39m[31m[1m^[22m[39m[31m[1m^[22m[39m[31m[1m^[22m[39m[31m[1m^[22m[39m[31m[1m^[22m[39m[31m[1m^[22m[39m[31m[1m^[22m[39m[31m[1m^[22m[39m[31m[1m^[22m[39m[31m[1m^[22m[39m[31m[1m^[22m[39m[31m[1m^[22m[39m[31m[1m^[22m[39m[31m[1m^[22m[39m[31m[1m^[22m[39m[31m[1m^[22m[39m[31m[1m^[22m[39m[31m[1m^[22m[39m[31m[1m^[22m[39m[31m[1m^[22m[39m[31m[1m^[22m[39m[31m[1m^[22m[39m[31m[1m^[22m[39m[31m[1m^[22m[39m[31m[1m^[22m[39m[31m[1m^[22m[39m[31m[1m^[22m[39m[31m[1m^[22m[39m[31m[1m^[22m[39m[31m[1m^[22m[39m[31m[1m^[22m[39m[31m[1m^[22m[39m[31m[1m^[22m[39m[31m[1m^[22m[39m[31m[1m^[22m[39m[31m[1m^[22m[39m[31m[1m^[22m[39m[31m[1m^[22m[39m[31m[1m^[22m[39m[31m[1m^[22m[39m[31m[1m^[22m[39m[31m[1m^[22m[39m[31m[1m^[22m[39m[31m[1m^[22m[39m[31m[1m^[22m[39m[31m[1m^[22m[39m[31m[1m^[22m[39m[31m[1m^[22m[39m[31m[1m^[22m[39m[31m[1m^[22m[39m[31m[1m^[22m[39m[31m[1m^[22m[39m[31m[1m^[22m[39m[31m[1m^[22m[39m[31m[1m^[22m[39m[31m[1m^[22m[39m
 [90m 643 |[39m      ૮  [33m-[39m   ՛ ) ([32m`   -  7[39m
 [90m 644 |[39m [32m       /   ⁻  ៸|       |、⁻〵[39m
 [90m 645 |[39m [32m 乀 (ˍ, ل ل      じしˍ,)ノ ";[39m[0m

Unterminated string constant

Import traces:
  Client Component Browser:
    ./src/app/page.tsx [Client Component Browser]
    ./src/app/page.tsx [Server Component]

  Client Component SSR:
    ./src/app/page.tsx [Client Component SSR]
    ./src/app/page.tsx [Server Component]


 GET / 500 in 952ms (compile: 819ms, render: 133ms)
⨯ ./src/app/page.tsx:642:21
Parsing ecmascript source code failed
[0m [90m 640 |[39m
 [90m 641 |[39m [36mconst[39m letters [33m=[39m [[32m"R"[39m[33m,[39m [32m"S"[39m[33m,[39m [32m"A"[39m[33m,[39m [32m"K"[39m[33m,[39m [32m"H"[39m[33m,[39m [32m"V"[39m][33m;[39m
[31m[1m>[22m[39m[90m 642 |[39m [36mconst[39m bootCommand [33m=[39m [32m"load Ruslan Sakhanov Portfolio \n          へ   ♡   ╱|、[39m
 [90m     |[39m                     [31m[1m^[22m[39m[31m[1m^[22m[39m[31m[1m^[22m[39m[31m[1m^[22m[39m[31m[1m^[22m[39m[31m[1m^[22m[39m[31m[1m^[22m[39m[31m[1m^[22m[39m[31m[1m^[22m[39m[31m[1m^[22m[39m[31m[1m^[22m[39m[31m[1m^[22m[39m[31m[1m^[22m[39m[31m[1m^[22m[39m[31m[1m^[22m[39m[31m[1m^[22m[39m[31m[1m^[22m[39m[31m[1m^[22m[39m[31m[1m^[22m[39m[31m[1m^[22m[39m[31m[1m^[22m[39m[31m[1m^[22m[39m[31m[1m^[22m[39m[31m[1m^[22m[39m[31m[1m^[22m[39m[31m[1m^[22m[39m[31m[1m^[22m[39m[31m[1m^[22m[39m[31m[1m^[22m[39m[31m[1m^[22m[39m[31m[1m^[22m[39m[31m[1m^[22m[39m[31m[1m^[22m[39m[31m[1m^[22m[39m[31m[1m^[22m[39m[31m[1m^[22m[39m[31m[1m^[22m[39m[31m[1m^[22m[39m[31m[1m^[22m[39m[31m[1m^[22m[39m[31m[1m^[22m[39m[31m[1m^[22m[39m[31m[1m^[22m[39m[31m[1m^[22m[39m[31m[1m^[22m[39m[31m[1m^[22m[39m[31m[1m^[22m[39m[31m[1m^[22m[39m[31m[1m^[22m[39m[31m[1m^[22m[39m[31m[1m^[22m[39m[31m[1m^[22m[39m[31m[1m^[22m[39m[31m[1m^[22m[39m[31m[1m^[22m[39m[31m[1m^[22m[39m[31m[1m^[22m[39m[31m[1m^[22m[39m[31m[1m^[22m[39m[31m[1m^[22m[39m[31m[1m^[22m[39m[31m[1m^[22m[39m[31m[1m^[22m[39m
 [90m 643 |[39m      ૮  [33m-[39m   ՛ ) ([32m`   -  7[39m
 [90m 644 |[39m [32m       /   ⁻  ៸|       |、⁻〵[39m
 [90m 645 |[39m [32m 乀 (ˍ, ل ل      じしˍ,)ノ ";[39m[0m

Unterminated string constant

Import traces:
  Client Component Browser:
    ./src/app/page.tsx [Client Component Browser]
    ./src/app/page.tsx [Server Component]

  Client Component SSR:
    ./src/app/page.tsx [Client Component SSR]
    ./src/app/page.tsx [Server Component]


 GET / 500 in 112ms (compile: 103ms, render: 10ms)
⨯ ./src/app/page.tsx:642:21
Parsing ecmascript source code failed
[0m [90m 640 |[39m
 [90m 641 |[39m [36mconst[39m letters [33m=[39m [[32m"R"[39m[33m,[39m [32m"S"[39m[33m,[39m [32m"A"[39m[33m,[39m [32m"K"[39m[33m,[39m [32m"H"[39m[33m,[39m [32m"V"[39m][33m;[39m
[31m[1m>[22m[39m[90m 642 |[39m [36mconst[39m bootCommand [33m=[39m [32m"load Ruslan Sakhanov Portfolio \n          へ   ♡   ╱|、[39m
 [90m     |[39m                     [31m[1m^[22m[39m[31m[1m^[22m[39m[31m[1m^[22m[39m[31m[1m^[22m[39m[31m[1m^[22m[39m[31m[1m^[22m[39m[31m[1m^[22m[39m[31m[1m^[22m[39m[31m[1m^[22m[39m[31m[1m^[22m[39m[31m[1m^[22m[39m[31m[1m^[22m[39m[31m[1m^[22m[39m[31m[1m^[22m[39m[31m[1m^[22m[39m[31m[1m^[22m[39m[31m[1m^[22m[39m[31m[1m^[22m[39m[31m[1m^[22m[39m[31m[1m^[22m[39m[31m[1m^[22m[39m[31m[1m^[22m[39m[31m[1m^[22m[39m[31m[1m^[22m[39m[31m[1m^[22m[39m[31m[1m^[22m[39m[31m[1m^[22m[39m[31m[1m^[22m[39m[31m[1m^[22m[39m[31m[1m^[22m[39m[31m[1m^[22m[39m[31m[1m^[22m[39m[31m[1m^[22m[39m[31m[1m^[22m[39m[31m[1m^[22m[39m[31m[1m^[22m[39m[31m[1m^[22m[39m[31m[1m^[22m[39m[31m[1m^[22m[39m[31m[1m^[22m[39m[31m[1m^[22m[39m[31m[1m^[22m[39m[31m[1m^[22m[39m[31m[1m^[22m[39m[31m[1m^[22m[39m[31m[1m^[22m[39m[31m[1m^[22m[39m[31m[1m^[22m[39m[31m[1m^[22m[39m[31m[1m^[22m[39m[31m[1m^[22m[39m[31m[1m^[22m[39m[31m[1m^[22m[39m[31m[1m^[22m[39m[31m[1m^[22m[39m[31m[1m^[22m[39m[31m[1m^[22m[39m[31m[1m^[22m[39m[31m[1m^[22m[39m[31m[1m^[22m[39m[31m[1m^[22m[39m[31m[1m^[22m[39m[31m[1m^[22m[39m
 [90m 643 |[39m      ૮  [33m-[39m   ՛ ) ([32m`   -  7[39m
 [90m 644 |[39m [32m       /   ⁻  ៸|       |、⁻〵[39m
 [90m 645 |[39m [32m 乀 (ˍ, ل ل      じしˍ,)ノ ";[39m[0m

Unterminated string constant

Import traces:
  Client Component Browser:
    ./src/app/page.tsx [Client Component Browser]
    ./src/app/page.tsx [Server Component]

  Client Component SSR:
    ./src/app/page.tsx [Client Component SSR]
    ./src/app/page.tsx [Server Component]


 GET / 500 in 2.4s (compile: 919ms, render: 1433ms)
✓ Compiled in 1053ms
 GET / 200 in 1649ms (compile: 1215ms, render: 433ms)
 GET / 200 in 56ms (compile: 6ms, render: 50ms)
 GET / 200 in 55ms (compile: 3ms, render: 52ms)
 GET / 200 in 200ms (compile: 54ms, render: 146ms)
✓ Compiled in 310ms
 GET / 200 in 297ms (compile: 203ms, render: 95ms)
 GET / 200 in 124ms (compile: 60ms, render: 64ms)
✓ Compiled in 403ms
 GET / 200 in 425ms (compile: 232ms, render: 193ms)
 GET / 200 in 440ms (compile: 127ms, render: 313ms)
✓ Compiled in 118ms
 GET / 200 in 288ms (compile: 160ms, render: 128ms)
 GET / 200 in 71ms (compile: 16ms, render: 55ms)
 GET / 200 in 54ms (compile: 11ms, render: 42ms)
✓ Compiled in 95ms
 GET / 200 in 146ms (compile: 81ms, render: 65ms)
✓ Compiled in 53ms
 GET / 200 in 175ms (compile: 103ms, render: 72ms)
 GET / 200 in 84ms (compile: 31ms, render: 53ms)
 GET / 200 in 53ms (compile: 11ms, render: 42ms)
 GET / 200 in 104ms (compile: 23ms, render: 81ms)
✓ Compiled in 766ms
 HEAD / 200 in 374ms (compile: 244ms, render: 130ms)
 GET / 200 in 78ms (compile: 24ms, render: 54ms)
 GET / 200 in 58ms (compile: 15ms, render: 43ms)
 GET / 200 in 50ms (compile: 6ms, render: 44ms)
 GET / 200 in 52ms (compile: 12ms, render: 40ms)
 GET / 200 in 53ms (compile: 15ms, render: 38ms)
✓ Compiled in 210ms
 HEAD / 200 in 271ms (compile: 175ms, render: 96ms)
 GET / 200 in 71ms (compile: 23ms, render: 48ms)
